1739658437.629741 client started (87455): version 3.4, socket /private/tmp/tmux-502/default, protocol 8
1739658437.629856 on Darwin 23.6.0 Darwin Kernel Version 23.6.0: Thu Dec 19 20:47:53 PST 2024; root:xnu-10063.141.1.703.2~1/RELEASE_ARM64_T6030
1739658437.629870 using libevent 2.1.12-stable select
1739658437.630200 using utf8proc 2.9.0
1739658437.630229 using ncurses 6.5 20240427
1739658437.630283 flags are 0x10010000
1739658437.630298 socket is /private/tmp/tmux-502/default
1739658437.630321 trying connect
1739658437.630401 add peer 0x108008000: 6 (0x0)
1739658437.634792 sending message 100 to peer 0x108008000 (4 bytes)
1739658437.634818 sending message 111 to peer 0x108008000 (8 bytes)
1739658437.634827 sending message 101 to peer 0x108008000 (14 bytes)
1739658437.634835 sending message 109 to peer 0x108008000 (4 bytes)
1739658437.634843 sending message 102 to peer 0x108008000 (13 bytes)
1739658437.634850 sending message 108 to peer 0x108008000 (30 bytes)
1739658437.634857 sending message 112 to peer 0x108008000 (70 bytes)
1739658437.634864 sending message 112 to peer 0x108008000 (5 bytes)
1739658437.634871 sending message 112 to peer 0x108008000 (5 bytes)
1739658437.634878 sending message 112 to peer 0x108008000 (6 bytes)
1739658437.634885 sending message 112 to peer 0x108008000 (6 bytes)
1739658437.634892 sending message 112 to peer 0x108008000 (11 bytes)
1739658437.634898 sending message 112 to peer 0x108008000 (10 bytes)
1739658437.634905 sending message 112 to peer 0x108008000 (13 bytes)
1739658437.634911 sending message 112 to peer 0x108008000 (13 bytes)
1739658437.634918 sending message 112 to peer 0x108008000 (18 bytes)
1739658437.634925 sending message 112 to peer 0x108008000 (11 bytes)
1739658437.634931 sending message 112 to peer 0x108008000 (10 bytes)
1739658437.634937 sending message 112 to peer 0x108008000 (15 bytes)
1739658437.634944 sending message 112 to peer 0x108008000 (21 bytes)
1739658437.634951 sending message 112 to peer 0x108008000 (13 bytes)
1739658437.634957 sending message 112 to peer 0x108008000 (7 bytes)
1739658437.634963 sending message 112 to peer 0x108008000 (13 bytes)
1739658437.634970 sending message 112 to peer 0x108008000 (7 bytes)
1739658437.634976 sending message 112 to peer 0x108008000 (13 bytes)
1739658437.634983 sending message 112 to peer 0x108008000 (9 bytes)
1739658437.634989 sending message 112 to peer 0x108008000 (21 bytes)
1739658437.634995 sending message 112 to peer 0x108008000 (13 bytes)
1739658437.635002 sending message 112 to peer 0x108008000 (8 bytes)
1739658437.635008 sending message 112 to peer 0x108008000 (12 bytes)
1739658437.635014 sending message 112 to peer 0x108008000 (13 bytes)
1739658437.635021 sending message 112 to peer 0x108008000 (9 bytes)
1739658437.635027 sending message 112 to peer 0x108008000 (9 bytes)
1739658437.635034 sending message 112 to peer 0x108008000 (12 bytes)
1739658437.635040 sending message 112 to peer 0x108008000 (8 bytes)
1739658437.635046 sending message 112 to peer 0x108008000 (7 bytes)
1739658437.635053 sending message 112 to peer 0x108008000 (7 bytes)
1739658437.635059 sending message 112 to peer 0x108008000 (9 bytes)
1739658437.635066 sending message 112 to peer 0x108008000 (13 bytes)
1739658437.635072 sending message 112 to peer 0x108008000 (6 bytes)
1739658437.635078 sending message 112 to peer 0x108008000 (9 bytes)
1739658437.635085 sending message 112 to peer 0x108008000 (13 bytes)
1739658437.635091 sending message 112 to peer 0x108008000 (12 bytes)
1739658437.635098 sending message 112 to peer 0x108008000 (8 bytes)
1739658437.635104 sending message 112 to peer 0x108008000 (9 bytes)
1739658437.635110 sending message 112 to peer 0x108008000 (10 bytes)
1739658437.635116 sending message 112 to peer 0x108008000 (10 bytes)
1739658437.635123 sending message 112 to peer 0x108008000 (10 bytes)
1739658437.635129 sending message 112 to peer 0x108008000 (10 bytes)
1739658437.635136 sending message 112 to peer 0x108008000 (11 bytes)
1739658437.635142 sending message 112 to peer 0x108008000 (10 bytes)
1739658437.635148 sending message 112 to peer 0x108008000 (8 bytes)
1739658437.635178 sending message 112 to peer 0x108008000 (11 bytes)
1739658437.635183 sending message 112 to peer 0x108008000 (11 bytes)
1739658437.635187 sending message 112 to peer 0x108008000 (11 bytes)
1739658437.635192 sending message 112 to peer 0x108008000 (8 bytes)
1739658437.635196 sending message 112 to peer 0x108008000 (8 bytes)
1739658437.635201 sending message 112 to peer 0x108008000 (8 bytes)
1739658437.635206 sending message 112 to peer 0x108008000 (10 bytes)
1739658437.635210 sending message 112 to peer 0x108008000 (10 bytes)
1739658437.635215 sending message 112 to peer 0x108008000 (10 bytes)
1739658437.635219 sending message 112 to peer 0x108008000 (10 bytes)
1739658437.635223 sending message 112 to peer 0x108008000 (10 bytes)
1739658437.635228 sending message 112 to peer 0x108008000 (11 bytes)
1739658437.635232 sending message 112 to peer 0x108008000 (11 bytes)
1739658437.635237 sending message 112 to peer 0x108008000 (10 bytes)
1739658437.635241 sending message 112 to peer 0x108008000 (9 bytes)
1739658437.635246 sending message 112 to peer 0x108008000 (9 bytes)
1739658437.635250 sending message 112 to peer 0x108008000 (12 bytes)
1739658437.635255 sending message 112 to peer 0x108008000 (9 bytes)
1739658437.635259 sending message 112 to peer 0x108008000 (6 bytes)
1739658437.635264 sending message 112 to peer 0x108008000 (8 bytes)
1739658437.635268 sending message 112 to peer 0x108008000 (15 bytes)
1739658437.635273 sending message 112 to peer 0x108008000 (13 bytes)
1739658437.635277 sending message 112 to peer 0x108008000 (9 bytes)
1739658437.635282 sending message 112 to peer 0x108008000 (70 bytes)
1739658437.635286 sending message 112 to peer 0x108008000 (69 bytes)
1739658437.635291 sending message 112 to peer 0x108008000 (10 bytes)
1739658437.635295 sending message 112 to peer 0x108008000 (10 bytes)
1739658437.635300 sending message 112 to peer 0x108008000 (8 bytes)
1739658437.635304 sending message 112 to peer 0x108008000 (15 bytes)
1739658437.635309 sending message 112 to peer 0x108008000 (13 bytes)
1739658437.635313 sending message 112 to peer 0x108008000 (10 bytes)
1739658437.635318 sending message 112 to peer 0x108008000 (10 bytes)
1739658437.635322 sending message 112 to peer 0x108008000 (13 bytes)
1739658437.635327 sending message 112 to peer 0x108008000 (9 bytes)
1739658437.635331 sending message 112 to peer 0x108008000 (5 bytes)
1739658437.635336 sending message 112 to peer 0x108008000 (5 bytes)
1739658437.635342 sending message 104 to peer 0x108008000 (0 bytes)
1739658437.635348 sending message 110 to peer 0x108008000 (0 bytes)
1739658437.635352 sending message 107 to peer 0x108008000 (4 bytes)
1739658437.635357 sending message 105 to peer 0x108008000 (34 bytes)
1739658437.635363 sending message 105 to peer 0x108008000 (32 bytes)
1739658437.635369 sending message 105 to peer 0x108008000 (26 bytes)
1739658437.635373 sending message 105 to peer 0x108008000 (17 bytes)
1739658437.635378 sending message 105 to peer 0x108008000 (14 bytes)
1739658437.635382 sending message 105 to peer 0x108008000 (17 bytes)
1739658437.635387 sending message 105 to peer 0x108008000 (34 bytes)
1739658437.635392 sending message 105 to peer 0x108008000 (57 bytes)
1739658437.635396 sending message 105 to peer 0x108008000 (66 bytes)
1739658437.635401 sending message 105 to peer 0x108008000 (14 bytes)
1739658437.635405 sending message 105 to peer 0x108008000 (31 bytes)
1739658437.635410 sending message 105 to peer 0x108008000 (18 bytes)
1739658437.635414 sending message 105 to peer 0x108008000 (27 bytes)
1739658437.635419 sending message 105 to peer 0x108008000 (19 bytes)
1739658437.635423 sending message 105 to peer 0x108008000 (57 bytes)
1739658437.635428 sending message 105 to peer 0x108008000 (66 bytes)
1739658437.635432 sending message 105 to peer 0x108008000 (19 bytes)
1739658437.635437 sending message 105 to peer 0x108008000 (86 bytes)
1739658437.635441 sending message 105 to peer 0x108008000 (57 bytes)
1739658437.635446 sending message 105 to peer 0x108008000 (29 bytes)
1739658437.635450 sending message 105 to peer 0x108008000 (60 bytes)
1739658437.635465 sending message 105 to peer 0x108008000 (14 bytes)
1739658437.635470 sending message 105 to peer 0x108008000 (43 bytes)
1739658437.635474 sending message 105 to peer 0x108008000 (43 bytes)
1739658437.635479 sending message 105 to peer 0x108008000 (61 bytes)
1739658437.635483 sending message 105 to peer 0x108008000 (22 bytes)
1739658437.635488 sending message 105 to peer 0x108008000 (15 bytes)
1739658437.635493 sending message 105 to peer 0x108008000 (30 bytes)
1739658437.635497 sending message 105 to peer 0x108008000 (56 bytes)
1739658437.635502 sending message 105 to peer 0x108008000 (14 bytes)
1739658437.635506 sending message 105 to peer 0x108008000 (25 bytes)
1739658437.635511 sending message 105 to peer 0x108008000 (54 bytes)
1739658437.635515 sending message 105 to peer 0x108008000 (19 bytes)
1739658437.635520 sending message 105 to peer 0x108008000 (13 bytes)
1739658437.635524 sending message 105 to peer 0x108008000 (18 bytes)
1739658437.635529 sending message 105 to peer 0x108008000 (36 bytes)
1739658437.635533 sending message 105 to peer 0x108008000 (67 bytes)
1739658437.635538 sending message 105 to peer 0x108008000 (22 bytes)
1739658437.635542 sending message 105 to peer 0x108008000 (34 bytes)
1739658437.635547 sending message 105 to peer 0x108008000 (43 bytes)
1739658437.635551 sending message 105 to peer 0x108008000 (24 bytes)
1739658437.635556 sending message 105 to peer 0x108008000 (100 bytes)
1739658437.635561 sending message 105 to peer 0x108008000 (40 bytes)
1739658437.635565 sending message 105 to peer 0x108008000 (22 bytes)
1739658437.635570 sending message 105 to peer 0x108008000 (44 bytes)
1739658437.635575 sending message 105 to peer 0x108008000 (730 bytes)
1739658437.635580 sending message 105 to peer 0x108008000 (18 bytes)
1739658437.635584 sending message 105 to peer 0x108008000 (85 bytes)
1739658437.635589 sending message 105 to peer 0x108008000 (43 bytes)
1739658437.635594 sending message 105 to peer 0x108008000 (45 bytes)
1739658437.635598 sending message 105 to peer 0x108008000 (24 bytes)
1739658437.635603 sending message 105 to peer 0x108008000 (35 bytes)
1739658437.635607 sending message 105 to peer 0x108008000 (56 bytes)
1739658437.635612 sending message 105 to peer 0x108008000 (73 bytes)
1739658437.635616 sending message 105 to peer 0x108008000 (60 bytes)
1739658437.635621 sending message 105 to peer 0x108008000 (44 bytes)
1739658437.635625 sending message 105 to peer 0x108008000 (20 bytes)
1739658437.635630 sending message 105 to peer 0x108008000 (8 bytes)
1739658437.635634 sending message 106 to peer 0x108008000 (0 bytes)
1739658437.635696 sending message 200 to peer 0x108008000 (4 bytes)
1739658437.635710 client loop enter
1739658437.635973 peer 0x108008000 message 303
1739658437.635990 open write file 2 -
1739658437.636017 sending message 305 to peer 0x108008000 (8 bytes)
1739658437.636036 write check file 2
1739658437.636063 peer 0x108008000 message 304
1739658437.636068 write 58 to file 2
1739658437.636084 peer 0x108008000 message 203
1739658437.636091 file 2 58 bytes left
1739658437.636105 write check file 2
1739658437.636109 client loop exit
